Build started 12/13/2013 7:18:27 PM.
     1>Project "c:\Users\Stephen\documents\visual studio 2010\Projects\Forms\Forms\Forms.vcxproj" on node 2 (build target(s)).
     1>InitializeBuildStatus:
         Touching "Debug\Forms.unsuccessfulbuild".
       GenerateTargetFrameworkMonikerAttribute:
       Skipping target "GenerateTargetFrameworkMonikerAttribute" because all output files are up-to-date with respect to the input files.
       ClCompile:
         C:\Program Files (x86)\Microsoft Visual Studio 10.0\VC\bin\CL.exe /c /AI"C:\Program Files (x86)\Reference Assemblies\Microsoft\Framework\.NETFramework\v4.0" /Zi /clr:pure /nologo /W3 /WX- /Od /Oy- /D WIN32 /D _DEBUG /D _UNICODE /D UNICODE /EHa /MDd /GS /fp:precise /Zc:wchar_t /Zc:forScope /Yc"StdAfx.h" /Fp"Debug\Forms.pch" /Fo"Debug\\" /Fd"Debug\vc100.pdb" /TP /FU"C:\Program Files (x86)\Reference Assemblies\Microsoft\Framework\.NETFramework\v4.0\System.Core.dll" /FU"C:\Program Files (x86)\Reference Assemblies\Microsoft\Framework\.NETFramework\v4.0\System.Data.dll" /FU"C:\Program Files (x86)\Reference Assemblies\Microsoft\Framework\.NETFramework\v4.0\System.dll" /FU"C:\Program Files (x86)\Reference Assemblies\Microsoft\Framework\.NETFramework\v4.0\System.Drawing.dll" /FU"C:\Program Files (x86)\Reference Assemblies\Microsoft\Framework\.NETFramework\v4.0\System.Windows.Forms.dll" /FU"C:\Program Files (x86)\Reference Assemblies\Microsoft\Framework\.NETFramework\v4.0\System.Xml.dll" /analyze- /errorReport:prompt stdafx.cpp /clr:nostdlib 
         stdafx.cpp
     1>stdafx.cpp(8): error C2146: syntax error : missing ';' before identifier 'Sub'
     1>stdafx.cpp(8): error C4430: missing type specifier - int assumed. Note: C++ does not support default-int
     1>stdafx.cpp(8): error C2146: syntax error : missing ';' before identifier 'Form_Load'
     1>stdafx.cpp(8): error C4430: missing type specifier - int assumed. Note: C++ does not support default-int
     1>stdafx.cpp(9): error C3646: 'Call' : unknown override specifier
     1>stdafx.cpp(10): error C3646: 'DrawText' : unknown override specifier
     1>stdafx.cpp(10): error C3646: 'End' : unknown override specifier
     1>stdafx.cpp(11): error C3646: 'Sub' : unknown override specifier
     1>stdafx.cpp(11): error C3646: 'Private' : unknown override specifier
     1>stdafx.cpp(11): error C3646: 'Sub' : unknown override specifier
     1>stdafx.cpp(11): error C3646: 'DrawText' : unknown override specifier
     1>stdafx.cpp(12): error C3646: 'Dim' : unknown override specifier
     1>stdafx.cpp(12): error C3646: 'strText' : unknown override specifier
     1>stdafx.cpp(12): error C3646: 'As' : unknown override specifier
     1>stdafx.cpp(13): error C3646: 'String' : unknown override specifier
     1>stdafx.cpp(13): error C3646: 'Me' : unknown override specifier
     1>stdafx.cpp(13): error C2091: function returns function
     1>stdafx.cpp(13): error C2143: syntax error : missing ';' before '.'
     1>stdafx.cpp(13): error C4430: missing type specifier - int assumed. Note: C++ does not support default-int
     1>stdafx.cpp(13): error C2001: newline in constant
     1>stdafx.cpp(13): error C2015: too many characters in constant
     1>stdafx.cpp(14): error C2001: newline in constant
     1>stdafx.cpp(14): error C2015: too many characters in constant
     1>stdafx.cpp(15): error C2001: newline in constant
     1>stdafx.cpp(15): error C2015: too many characters in constant
     1>stdafx.cpp(16): error C2001: newline in constant
     1>stdafx.cpp(16): error C2015: too many characters in constant
     1>stdafx.cpp(17): error C2001: newline in constant
     1>stdafx.cpp(17): error C2015: too many characters in constant
     1>stdafx.cpp(18): error C2001: newline in constant
     1>stdafx.cpp(18): error C2015: too many characters in constant
     1>stdafx.cpp(33): error C2001: newline in constant
     1>stdafx.cpp(33): error C2015: too many characters in constant
     1>stdafx.cpp(35): error C2001: newline in constant
     1>stdafx.cpp(35): error C2015: too many characters in constant
     1>Done Building Project "c:\Users\Stephen\documents\visual studio 2010\Projects\Forms\Forms\Forms.vcxproj" (build target(s)) -- FAILED.

Build FAILED.

Time Elapsed 00:00:00.50
