# JRE version: OpenJDK Runtime Environment (7.0_75-b13) (build 1.7.0_75-b13)
# Java VM: OpenJDK Client VM (24.75-b04 mixed mode linux-x86 )
Heap
 def new generation   total 4928K, used 232K [0x90400000, 0x90950000, 0x9aea0000)
  eden space 4416K,   2% used [0x90400000, 0x9041e480, 0x90850000)
  from space 512K,  21% used [0x908d0000, 0x908ebcd8, 0x90950000)
  to   space 512K,   0% used [0x90850000, 0x90850000, 0x908d0000)
 tenured generation   total 10944K, used 8901K [0x9aea0000, 0x9b950000, 0xb0400000)
   the space 10944K,  81% used [0x9aea0000, 0x9b751498, 0x9b751600, 0x9b950000)
 compacting perm gen  total 12800K, used 12633K [0xb0400000, 0xb1080000, 0xb4400000)
   the space 12800K,  98% used [0xb0400000, 0xb10565b0, 0xb1056600, 0xb1080000)
GC Heap History (10 events):
Event: 128.908 GC heap before
{Heap before GC invocations=12 (full 0):
 def new generation   total 4928K, used 4582K [0x90400000, 0x90950000, 0x9aea0000)
  eden space 4416K, 100% used [0x90400000, 0x90850000, 0x90850000)
  from space 512K,  32% used [0x90850000, 0x90879928, 0x908d0000)
  to   space 512K,   0% used [0x908d0000, 0x908d0000, 0x90950000)
 tenured generation   total 10944K, used 7437K [0x9aea0000, 0x9b950000, 0xb0400000)
   the space 10944K,  67% used [0x9aea0000, 0x9b5e3510, 0x9b5e3600, 0x9b950000)
 compacting perm gen  total 12800K, used 12633K [0xb0400000, 0xb1080000, 0xb4400000)
   the space 12800K,  98% used [0xb0400000, 0xb1056470, 0xb1056600, 0xb1080000)
No shared spaces configured.
Event: 128.910 GC heap after
Heap after GC invocations=13 (full 0):
 def new generation   total 4928K, used 166K [0x90400000, 0x90950000, 0x9aea0000)
  eden space 4416K,   0% used [0x90400000, 0x90400000, 0x90850000)
  from space 512K,  32% used [0x908d0000, 0x908f9928, 0x90950000)
  to   space 512K,   0% used [0x90850000, 0x90850000, 0x908d0000)
 tenured generation   total 10944K, used 7437K [0x9aea0000, 0x9b950000, 0xb0400000)
   the space 10944K,  67% used [0x9aea0000, 0x9b5e3510, 0x9b5e3600, 0x9b950000)
 compacting perm gen  total 12800K, used 12633K [0xb0400000, 0xb1080000, 0xb4400000)
   the space 12800K,  98% used [0xb0400000, 0xb1056470, 0xb1056600, 0xb1080000)
No shared spaces configured.
}
Event: 129.882 GC heap before
{Heap before GC invocations=13 (full 0):
 def new generation   total 4928K, used 4582K [0x90400000, 0x90950000, 0x9aea0000)
  eden space 4416K, 100% used [0x90400000, 0x90850000, 0x90850000)
  from space 512K,  32% used [0x908d0000, 0x908f9928, 0x90950000)
  to   space 512K,   0% used [0x90850000, 0x90850000, 0x908d0000)
 tenured generation   total 10944K, used 7437K [0x9aea0000, 0x9b950000, 0xb0400000)
   the space 10944K,  67% used [0x9aea0000, 0x9b5e3510, 0x9b5e3600, 0x9b950000)
 compacting perm gen  total 12800K, used 12633K [0xb0400000, 0xb1080000, 0xb4400000)
   the space 12800K,  98% used [0xb0400000, 0xb1056470, 0xb1056600, 0xb1080000)
No shared spaces configured.
Event: 129.884 GC heap after
Heap after GC invocations=14 (full 0):
 def new generation   total 4928K, used 175K [0x90400000, 0x90950000, 0x9aea0000)
  eden space 4416K,   0% used [0x90400000, 0x90400000, 0x90850000)
  from space 512K,  34% used [0x90850000, 0x9087be00, 0x908d0000)
  to   space 512K,   0% used [0x908d0000, 0x908d0000, 0x90950000)
 tenured generation   total 10944K, used 8901K [0x9aea0000, 0x9b950000, 0xb0400000)
   the space 10944K,  81% used [0x9aea0000, 0x9b751498, 0x9b751600, 0x9b950000)
 compacting perm gen  total 12800K, used 12633K [0xb0400000, 0xb1080000, 0xb4400000)
   the space 12800K,  98% used [0xb0400000, 0xb1056470, 0xb1056600, 0xb1080000)
No shared spaces configured.
}
Event: 129.898 GC heap before
{Heap before GC invocations=14 (full 0):
 def new generation   total 4928K, used 4591K [0x90400000, 0x90950000, 0x9aea0000)
  eden space 4416K, 100% used [0x90400000, 0x90850000, 0x90850000)
  from space 512K,  34% used [0x90850000, 0x9087be00, 0x908d0000)
  to   space 512K,   0% used [0x908d0000, 0x908d0000, 0x90950000)
 tenured generation   total 10944K, used 8901K [0x9aea0000, 0x9b950000, 0xb0400000)
   the space 10944K,  81% used [0x9aea0000, 0x9b751498, 0x9b751600, 0x9b950000)
 compacting perm gen  total 12800K, used 12633K [0xb0400000, 0xb1080000, 0xb4400000)
   the space 12800K,  98% used [0xb0400000, 0xb1056470, 0xb1056600, 0xb1080000)
No shared spaces configured.
Event: 129.900 GC heap after
Heap after GC invocations=15 (full 0):
 def new generation   total 4928K, used 175K [0x90400000, 0x90950000, 0x9aea0000)
  eden space 4416K,   0% used [0x90400000, 0x90400000, 0x90850000)
  from space 512K,  34% used [0x908d0000, 0x908fbd58, 0x90950000)
  to   space 512K,   0% used [0x90850000, 0x90850000, 0x908d0000)
 tenured generation   total 10944K, used 8901K [0x9aea0000, 0x9b950000, 0xb0400000)
   the space 10944K,  81% used [0x9aea0000, 0x9b751498, 0x9b751600, 0x9b950000)
 compacting perm gen  total 12800K, used 12633K [0xb0400000, 0xb1080000, 0xb4400000)
   the space 12800K,  98% used [0xb0400000, 0xb1056470, 0xb1056600, 0xb1080000)
No shared spaces configured.
}
Event: 129.910 GC heap before
{Heap before GC invocations=15 (full 0):
 def new generation   total 4928K, used 4591K [0x90400000, 0x90950000, 0x9aea0000)
  eden space 4416K, 100% used [0x90400000, 0x90850000, 0x90850000)
  from space 512K,  34% used [0x908d0000, 0x908fbd58, 0x90950000)
  to   space 512K,   0% used [0x90850000, 0x90850000, 0x908d0000)
 tenured generation   total 10944K, used 8901K [0x9aea0000, 0x9b950000, 0xb0400000)
   the space 10944K,  81% used [0x9aea0000, 0x9b751498, 0x9b751600, 0x9b950000)
 compacting perm gen  total 12800K, used 12633K [0xb0400000, 0xb1080000, 0xb4400000)
   the space 12800K,  98% used [0xb0400000, 0xb1056470, 0xb1056600, 0xb1080000)
No shared spaces configured.
Event: 129.911 GC heap after
Heap after GC invocations=16 (full 0):
 def new generation   total 4928K, used 175K [0x90400000, 0x90950000, 0x9aea0000)
  eden space 4416K,   0% used [0x90400000, 0x90400000, 0x90850000)
  from space 512K,  34% used [0x90850000, 0x9087bd58, 0x908d0000)
  to   space 512K,   0% used [0x908d0000, 0x908d0000, 0x90950000)
 tenured generation   total 10944K, used 8901K [0x9aea0000, 0x9b950000, 0xb0400000)
   the space 10944K,  81% used [0x9aea0000, 0x9b751498, 0x9b751600, 0x9b950000)
 compacting perm gen  total 12800K, used 12633K [0xb0400000, 0xb1080000, 0xb4400000)
   the space 12800K,  98% used [0xb0400000, 0xb1056470, 0xb1056600, 0xb1080000)
No shared spaces configured.
}
Event: 186.071 GC heap before
{Heap before GC invocations=16 (full 0):
 def new generation   total 4928K, used 4591K [0x90400000, 0x90950000, 0x9aea0000)
  eden space 4416K, 100% used [0x90400000, 0x90850000, 0x90850000)
  from space 512K,  34% used [0x90850000, 0x9087bd58, 0x908d0000)
  to   space 512K,   0% used [0x908d0000, 0x908d0000, 0x90950000)
 tenured generation   total 10944K, used 8901K [0x9aea0000, 0x9b950000, 0xb0400000)
   the space 10944K,  81% used [0x9aea0000, 0x9b751498, 0x9b751600, 0x9b950000)
 compacting perm gen  total 12800K, used 12633K [0xb0400000, 0xb1080000, 0xb4400000)
   the space 12800K,  98% used [0xb0400000, 0xb1056580, 0xb1056600, 0xb1080000)
No shared spaces configured.
Event: 186.072 GC heap after
Heap after GC invocations=17 (full 0):
 def new generation   total 4928K, used 111K [0x90400000, 0x90950000, 0x9aea0000)
  eden space 4416K,   0% used [0x90400000, 0x90400000, 0x90850000)
  from space 512K,  21% used [0x908d0000, 0x908ebcd8, 0x90950000)
  to   space 512K,   0% used [0x90850000, 0x90850000, 0x908d0000)
 tenured generation   total 10944K, used 8901K [0x9aea0000, 0x9b950000, 0xb0400000)
   the space 10944K,  81% used [0x9aea0000, 0x9b751498, 0x9b751600, 0x9b950000)
 compacting perm gen  total 12800K, used 12633K [0xb0400000, 0xb1080000, 0xb4400000)
   the space 12800K,  98% used [0xb0400000, 0xb1056580, 0xb1056600, 0xb1080000)
No shared spaces configured.
}

