# JRE version: OpenJDK Runtime Environment (7.0_75-b13) (build 1.7.0_75-b13)
# Java VM: OpenJDK Client VM (24.75-b04 mixed mode linux-x86 )
Heap
 def new generation   total 4928K, used 261K [0x90400000, 0x90950000, 0x9aea0000)
  eden space 4416K,   5% used [0x90400000, 0x9043c908, 0x90850000)
  from space 512K,   3% used [0x908d0000, 0x908d4d98, 0x90950000)
  to   space 512K,   0% used [0x90850000, 0x90850000, 0x908d0000)
 tenured generation   total 10944K, used 5915K [0x9aea0000, 0x9b950000, 0xb0400000)
   the space 10944K,  54% used [0x9aea0000, 0x9b466e20, 0x9b467000, 0x9b950000)
 compacting perm gen  total 12288K, used 12228K [0xb0400000, 0xb1000000, 0xb4400000)
   the space 12288K,  99% used [0xb0400000, 0xb0ff1150, 0xb0ff1200, 0xb1000000)
GC Heap History (10 events):
Event: 11.599 GC heap before
{Heap before GC invocations=4 (full 0):
 def new generation   total 4928K, used 4416K [0x90400000, 0x90950000, 0x9aea0000)
  eden space 4416K, 100% used [0x90400000, 0x90850000, 0x90850000)
  from space 512K,   0% used [0x90850000, 0x90850088, 0x908d0000)
  to   space 512K,   0% used [0x908d0000, 0x908d0000, 0x90950000)
 tenured generation   total 10944K, used 4451K [0x9aea0000, 0x9b950000, 0xb0400000)
   the space 10944K,  40% used [0x9aea0000, 0x9b2f8e98, 0x9b2f9000, 0x9b950000)
 compacting perm gen  total 12288K, used 12205K [0xb0400000, 0xb1000000, 0xb4400000)
   the space 12288K,  99% used [0xb0400000, 0xb0feb548, 0xb0feb600, 0xb1000000)
No shared spaces configured.
Event: 11.600 GC heap after
Heap after GC invocations=5 (full 0):
 def new generation   total 4928K, used 0K [0x90400000, 0x90950000, 0x9aea0000)
  eden space 4416K,   0% used [0x90400000, 0x90400000, 0x90850000)
  from space 512K,   0% used [0x908d0000, 0x908d0088, 0x90950000)
  to   space 512K,   0% used [0x90850000, 0x90850000, 0x908d0000)
 tenured generation   total 10944K, used 4451K [0x9aea0000, 0x9b950000, 0xb0400000)
   the space 10944K,  40% used [0x9aea0000, 0x9b2f8e98, 0x9b2f9000, 0x9b950000)
 compacting perm gen  total 12288K, used 12205K [0xb0400000, 0xb1000000, 0xb4400000)
   the space 12288K,  99% used [0xb0400000, 0xb0feb548, 0xb0feb600, 0xb1000000)
No shared spaces configured.
}
Event: 12.553 GC heap before
{Heap before GC invocations=5 (full 0):
 def new generation   total 4928K, used 4092K [0x90400000, 0x90950000, 0x9aea0000)
  eden space 4416K,  92% used [0x90400000, 0x907ff1d8, 0x90850000)
  from space 512K,   0% used [0x908d0000, 0x908d0088, 0x90950000)
  to   space 512K,   0% used [0x90850000, 0x90850000, 0x908d0000)
 tenured generation   total 10944K, used 4451K [0x9aea0000, 0x9b950000, 0xb0400000)
   the space 10944K,  40% used [0x9aea0000, 0x9b2f8e98, 0x9b2f9000, 0x9b950000)
 compacting perm gen  total 12288K, used 12214K [0xb0400000, 0xb1000000, 0xb4400000)
   the space 12288K,  99% used [0xb0400000, 0xb0fed890, 0xb0feda00, 0xb1000000)
No shared spaces configured.
Event: 12.556 GC heap after
Heap after GC invocations=6 (full 0):
 def new generation   total 4928K, used 19K [0x90400000, 0x90950000, 0x9aea0000)
  eden space 4416K,   0% used [0x90400000, 0x90400000, 0x90850000)
  from space 512K,   3% used [0x90850000, 0x90854f00, 0x908d0000)
  to   space 512K,   0% used [0x908d0000, 0x908d0000, 0x90950000)
 tenured generation   total 10944K, used 5184K [0x9aea0000, 0x9b950000, 0xb0400000)
   the space 10944K,  47% used [0x9aea0000, 0x9b3b0060, 0x9b3b0200, 0x9b950000)
 compacting perm gen  total 12288K, used 12214K [0xb0400000, 0xb1000000, 0xb4400000)
   the space 12288K,  99% used [0xb0400000, 0xb0fed890, 0xb0feda00, 0xb1000000)
No shared spaces configured.
}
Event: 12.563 GC heap before
{Heap before GC invocations=6 (full 0):
 def new generation   total 4928K, used 4435K [0x90400000, 0x90950000, 0x9aea0000)
  eden space 4416K, 100% used [0x90400000, 0x90850000, 0x90850000)
  from space 512K,   3% used [0x90850000, 0x90854f00, 0x908d0000)
  to   space 512K,   0% used [0x908d0000, 0x908d0000, 0x90950000)
 tenured generation   total 10944K, used 5184K [0x9aea0000, 0x9b950000, 0xb0400000)
   the space 10944K,  47% used [0x9aea0000, 0x9b3b0060, 0x9b3b0200, 0x9b950000)
 compacting perm gen  total 12288K, used 12214K [0xb0400000, 0xb1000000, 0xb4400000)
   the space 12288K,  99% used [0xb0400000, 0xb0fed890, 0xb0feda00, 0xb1000000)
No shared spaces configured.
Event: 12.564 GC heap after
Heap after GC invocations=7 (full 0):
 def new generation   total 4928K, used 19K [0x90400000, 0x90950000, 0x9aea0000)
  eden space 4416K,   0% used [0x90400000, 0x90400000, 0x90850000)
  from space 512K,   3% used [0x908d0000, 0x908d4f78, 0x90950000)
  to   space 512K,   0% used [0x90850000, 0x90850000, 0x908d0000)
 tenured generation   total 10944K, used 5915K [0x9aea0000, 0x9b950000, 0xb0400000)
   the space 10944K,  54% used [0x9aea0000, 0x9b466e20, 0x9b467000, 0x9b950000)
 compacting perm gen  total 12288K, used 12214K [0xb0400000, 0xb1000000, 0xb4400000)
   the space 12288K,  99% used [0xb0400000, 0xb0fed890, 0xb0feda00, 0xb1000000)
No shared spaces configured.
}
Event: 12.573 GC heap before
{Heap before GC invocations=7 (full 0):
 def new generation   total 4928K, used 4435K [0x90400000, 0x90950000, 0x9aea0000)
  eden space 4416K, 100% used [0x90400000, 0x90850000, 0x90850000)
  from space 512K,   3% used [0x908d0000, 0x908d4f78, 0x90950000)
  to   space 512K,   0% used [0x90850000, 0x90850000, 0x908d0000)
 tenured generation   total 10944K, used 5915K [0x9aea0000, 0x9b950000, 0xb0400000)
   the space 10944K,  54% used [0x9aea0000, 0x9b466e20, 0x9b467000, 0x9b950000)
 compacting perm gen  total 12288K, used 12214K [0xb0400000, 0xb1000000, 0xb4400000)
   the space 12288K,  99% used [0xb0400000, 0xb0fed890, 0xb0feda00, 0xb1000000)
No shared spaces configured.
Event: 12.573 GC heap after
Heap after GC invocations=8 (full 0):
 def new generation   total 4928K, used 19K [0x90400000, 0x90950000, 0x9aea0000)
  eden space 4416K,   0% used [0x90400000, 0x90400000, 0x90850000)
  from space 512K,   3% used [0x90850000, 0x90854f78, 0x908d0000)
  to   space 512K,   0% used [0x908d0000, 0x908d0000, 0x90950000)
 tenured generation   total 10944K, used 5915K [0x9aea0000, 0x9b950000, 0xb0400000)
   the space 10944K,  54% used [0x9aea0000, 0x9b466e20, 0x9b467000, 0x9b950000)
 compacting perm gen  total 12288K, used 12214K [0xb0400000, 0xb1000000, 0xb4400000)
   the space 12288K,  99% used [0xb0400000, 0xb0fed890, 0xb0feda00, 0xb1000000)
No shared spaces configured.
}
Event: 12.603 GC heap before
{Heap before GC invocations=8 (full 0):
 def new generation   total 4928K, used 4435K [0x90400000, 0x90950000, 0x9aea0000)
  eden space 4416K, 100% used [0x90400000, 0x90850000, 0x90850000)
  from space 512K,   3% used [0x90850000, 0x90854f78, 0x908d0000)
  to   space 512K,   0% used [0x908d0000, 0x908d0000, 0x90950000)
 tenured generation   total 10944K, used 5915K [0x9aea0000, 0x9b950000, 0xb0400000)
   the space 10944K,  54% used [0x9aea0000, 0x9b466e20, 0x9b467000, 0x9b950000)
 compacting perm gen  total 12288K, used 12217K [0xb0400000, 0xb1000000, 0xb4400000)
   the space 12288K,  99% used [0xb0400000, 0xb0fee428, 0xb0fee600, 0xb1000000)
No shared spaces configured.
Event: 12.604 GC heap after
Heap after GC invocations=9 (full 0):
 def new generation   total 4928K, used 19K [0x90400000, 0x90950000, 0x9aea0000)
  eden space 4416K,   0% used [0x90400000, 0x90400000, 0x90850000)
  from space 512K,   3% used [0x908d0000, 0x908d4d98, 0x90950000)
  to   space 512K,   0% used [0x90850000, 0x90850000, 0x908d0000)
 tenured generation   total 10944K, used 5915K [0x9aea0000, 0x9b950000, 0xb0400000)
   the space 10944K,  54% used [0x9aea0000, 0x9b466e20, 0x9b467000, 0x9b950000)
 compacting perm gen  total 12288K, used 12217K [0xb0400000, 0xb1000000, 0xb4400000)
   the space 12288K,  99% used [0xb0400000, 0xb0fee428, 0xb0fee600, 0xb1000000)
No shared spaces configured.
}

