# JRE version: OpenJDK Runtime Environment (7.0_75-b13) (build 1.7.0_75-b13)
# Java VM: OpenJDK Client VM (24.75-b04 mixed mode linux-x86 )
Heap
 def new generation   total 4928K, used 1933K [0x90400000, 0x90950000, 0x9aea0000)
  eden space 4416K,  32% used [0x90400000, 0x905634b8, 0x90850000)
  from space 512K, 100% used [0x908d0000, 0x90950000, 0x90950000)
  to   space 512K,   0% used [0x90850000, 0x90850000, 0x908d0000)
 tenured generation   total 10944K, used 3667K [0x9aea0000, 0x9b950000, 0xb0400000)
   the space 10944K,  33% used [0x9aea0000, 0x9b234d30, 0x9b234e00, 0x9b950000)
 compacting perm gen  total 13056K, used 13010K [0xb0400000, 0xb10c0000, 0xb4400000)
   the space 13056K,  99% used [0xb0400000, 0xb10b4bd8, 0xb10b4c00, 0xb10c0000)
GC Heap History (6 events):
Event: 0.678 GC heap before
{Heap before GC invocations=0 (full 0):
 def new generation   total 4928K, used 4416K [0x90400000, 0x90950000, 0x9aea0000)
  eden space 4416K, 100% used [0x90400000, 0x90850000, 0x90850000)
  from space 512K,   0% used [0x90850000, 0x90850000, 0x908d0000)
  to   space 512K,   0% used [0x908d0000, 0x908d0000, 0x90950000)
 tenured generation   total 10944K, used 0K [0x9aea0000, 0x9b950000, 0xb0400000)
   the space 10944K,   0% used [0x9aea0000, 0x9aea0000, 0x9aea0200, 0x9b950000)
 compacting perm gen  total 12288K, used 5877K [0xb0400000, 0xb1000000, 0xb4400000)
   the space 12288K,  47% used [0xb0400000, 0xb09bd6d8, 0xb09bd800, 0xb1000000)
No shared spaces configured.
Event: 0.683 GC heap after
Heap after GC invocations=1 (full 0):
 def new generation   total 4928K, used 512K [0x90400000, 0x90950000, 0x9aea0000)
  eden space 4416K,   0% used [0x90400000, 0x90400000, 0x90850000)
  from space 512K, 100% used [0x908d0000, 0x90950000, 0x90950000)
  to   space 512K,   0% used [0x90850000, 0x90850000, 0x908d0000)
 tenured generation   total 10944K, used 827K [0x9aea0000, 0x9b950000, 0xb0400000)
   the space 10944K,   7% used [0x9aea0000, 0x9af6ef00, 0x9af6f000, 0x9b950000)
 compacting perm gen  total 12288K, used 5877K [0xb0400000, 0xb1000000, 0xb4400000)
   the space 12288K,  47% used [0xb0400000, 0xb09bd6d8, 0xb09bd800, 0xb1000000)
No shared spaces configured.
}
Event: 1.168 GC heap before
{Heap before GC invocations=1 (full 0):
 def new generation   total 4928K, used 4928K [0x90400000, 0x90950000, 0x9aea0000)
  eden space 4416K, 100% used [0x90400000, 0x90850000, 0x90850000)
  from space 512K, 100% used [0x908d0000, 0x90950000, 0x90950000)
  to   space 512K,   0% used [0x90850000, 0x90850000, 0x908d0000)
 tenured generation   total 10944K, used 827K [0x9aea0000, 0x9b950000, 0xb0400000)
   the space 10944K,   7% used [0x9aea0000, 0x9af6ef00, 0x9af6f000, 0x9b950000)
 compacting perm gen  total 12288K, used 10416K [0xb0400000, 0xb1000000, 0xb4400000)
   the space 12288K,  84% used [0xb0400000, 0xb0e2c2b0, 0xb0e2c400, 0xb1000000)
No shared spaces configured.
Event: 1.179 GC heap after
Heap after GC invocations=2 (full 0):
 def new generation   total 4928K, used 512K [0x90400000, 0x90950000, 0x9aea0000)
  eden space 4416K,   0% used [0x90400000, 0x90400000, 0x90850000)
  from space 512K, 100% used [0x90850000, 0x908d0000, 0x908d0000)
  to   space 512K,   0% used [0x908d0000, 0x908d0000, 0x90950000)
 tenured generation   total 10944K, used 2168K [0x9aea0000, 0x9b950000, 0xb0400000)
   the space 10944K,  19% used [0x9aea0000, 0x9b0be110, 0x9b0be200, 0x9b950000)
 compacting perm gen  total 12288K, used 10416K [0xb0400000, 0xb1000000, 0xb4400000)
   the space 12288K,  84% used [0xb0400000, 0xb0e2c2b0, 0xb0e2c400, 0xb1000000)
No shared spaces configured.
}
Event: 5.604 GC heap before
{Heap before GC invocations=2 (full 0):
 def new generation   total 4928K, used 4464K [0x90400000, 0x90950000, 0x9aea0000)
  eden space 4416K,  89% used [0x90400000, 0x907dc270, 0x90850000)
  from space 512K, 100% used [0x90850000, 0x908d0000, 0x908d0000)
  to   space 512K,   0% used [0x908d0000, 0x908d0000, 0x90950000)
 tenured generation   total 10944K, used 2168K [0x9aea0000, 0x9b950000, 0xb0400000)
   the space 10944K,  19% used [0x9aea0000, 0x9b0be110, 0x9b0be200, 0x9b950000)
 compacting perm gen  total 13056K, used 12864K [0xb0400000, 0xb10c0000, 0xb4400000)
   the space 13056K,  98% used [0xb0400000, 0xb10903c8, 0xb1090400, 0xb10c0000)
No shared spaces configured.
Event: 5.616 GC heap after
Heap after GC invocations=3 (full 0):
 def new generation   total 4928K, used 512K [0x90400000, 0x90950000, 0x9aea0000)
  eden space 4416K,   0% used [0x90400000, 0x90400000, 0x90850000)
  from space 512K, 100% used [0x908d0000, 0x90950000, 0x90950000)
  to   space 512K,   0% used [0x90850000, 0x90850000, 0x908d0000)
 tenured generation   total 10944K, used 3667K [0x9aea0000, 0x9b950000, 0xb0400000)
   the space 10944K,  33% used [0x9aea0000, 0x9b234d30, 0x9b234e00, 0x9b950000)
 compacting perm gen  total 13056K, used 12864K [0xb0400000, 0xb10c0000, 0xb4400000)
   the space 13056K,  98% used [0xb0400000, 0xb10903c8, 0xb1090400, 0xb10c0000)
No shared spaces configured.
}

