# JRE version: OpenJDK Runtime Environment (7.0_75-b13) (build 1.7.0_75-b13)
# Java VM: OpenJDK Client VM (24.75-b04 mixed mode linux-x86 )
Heap
 def new generation   total 4928K, used 1130K [0x90400000, 0x90950000, 0x9aea0000)
  eden space 4416K,  25% used [0x90400000, 0x905167d8, 0x90850000)
  from space 512K,   3% used [0x90850000, 0x908540f0, 0x908d0000)
  to   space 512K,   0% used [0x908d0000, 0x908d0000, 0x90950000)
 tenured generation   total 10944K, used 4836K [0x9aea0000, 0x9b950000, 0xb0400000)
   the space 10944K,  44% used [0x9aea0000, 0x9b3591e8, 0x9b359200, 0x9b950000)
 compacting perm gen  total 13056K, used 12950K [0xb0400000, 0xb10c0000, 0xb4400000)
   the space 13056K,  99% used [0xb0400000, 0xb10a5868, 0xb10a5a00, 0xb10c0000)
GC Heap History (10 events):
Event: 1.162 GC heap before
{Heap before GC invocations=1 (full 0):
 def new generation   total 4928K, used 4928K [0x90400000, 0x90950000, 0x9aea0000)
  eden space 4416K, 100% used [0x90400000, 0x90850000, 0x90850000)
  from space 512K, 100% used [0x908d0000, 0x90950000, 0x90950000)
  to   space 512K,   0% used [0x90850000, 0x90850000, 0x908d0000)
 tenured generation   total 10944K, used 825K [0x9aea0000, 0x9b950000, 0xb0400000)
   the space 10944K,   7% used [0x9aea0000, 0x9af6e7a8, 0x9af6e800, 0x9b950000)
 compacting perm gen  total 12288K, used 10413K [0xb0400000, 0xb1000000, 0xb4400000)
   the space 12288K,  84% used [0xb0400000, 0xb0e2b770, 0xb0e2b800, 0xb1000000)
No shared spaces configured.
Event: 1.173 GC heap after
Heap after GC invocations=2 (full 0):
 def new generation   total 4928K, used 512K [0x90400000, 0x90950000, 0x9aea0000)
  eden space 4416K,   0% used [0x90400000, 0x90400000, 0x90850000)
  from space 512K, 100% used [0x90850000, 0x908d0000, 0x908d0000)
  to   space 512K,   0% used [0x908d0000, 0x908d0000, 0x90950000)
 tenured generation   total 10944K, used 2165K [0x9aea0000, 0x9b950000, 0xb0400000)
   the space 10944K,  19% used [0x9aea0000, 0x9b0bd6f8, 0x9b0bd800, 0x9b950000)
 compacting perm gen  total 12288K, used 10413K [0xb0400000, 0xb1000000, 0xb4400000)
   the space 12288K,  84% used [0xb0400000, 0xb0e2b770, 0xb0e2b800, 0xb1000000)
No shared spaces configured.
}
Event: 13.357 GC heap before
{Heap before GC invocations=2 (full 0):
 def new generation   total 4928K, used 4441K [0x90400000, 0x90950000, 0x9aea0000)
  eden space 4416K,  88% used [0x90400000, 0x907d6488, 0x90850000)
  from space 512K, 100% used [0x90850000, 0x908d0000, 0x908d0000)
  to   space 512K,   0% used [0x908d0000, 0x908d0000, 0x90950000)
 tenured generation   total 10944K, used 2165K [0x9aea0000, 0x9b950000, 0xb0400000)
   the space 10944K,  19% used [0x9aea0000, 0x9b0bd6f8, 0x9b0bd800, 0x9b950000)
 compacting perm gen  total 13056K, used 12899K [0xb0400000, 0xb10c0000, 0xb4400000)
   the space 13056K,  98% used [0xb0400000, 0xb1098c40, 0xb1098e00, 0xb10c0000)
No shared spaces configured.
Event: 13.367 GC heap after
Heap after GC invocations=3 (full 0):
 def new generation   total 4928K, used 512K [0x90400000, 0x90950000, 0x9aea0000)
  eden space 4416K,   0% used [0x90400000, 0x90400000, 0x90850000)
  from space 512K, 100% used [0x908d0000, 0x90950000, 0x90950000)
  to   space 512K,   0% used [0x90850000, 0x90850000, 0x908d0000)
 tenured generation   total 10944K, used 2899K [0x9aea0000, 0x9b950000, 0xb0400000)
   the space 10944K,  26% used [0x9aea0000, 0x9b174f00, 0x9b175000, 0x9b950000)
 compacting perm gen  total 13056K, used 12899K [0xb0400000, 0xb10c0000, 0xb4400000)
   the space 13056K,  98% used [0xb0400000, 0xb1098c40, 0xb1098e00, 0xb10c0000)
No shared spaces configured.
}
Event: 13.394 GC heap before
{Heap before GC invocations=3 (full 0):
 def new generation   total 4928K, used 4928K [0x90400000, 0x90950000, 0x9aea0000)
  eden space 4416K, 100% used [0x90400000, 0x90850000, 0x90850000)
  from space 512K, 100% used [0x908d0000, 0x90950000, 0x90950000)
  to   space 512K,   0% used [0x90850000, 0x90850000, 0x908d0000)
 tenured generation   total 10944K, used 2899K [0x9aea0000, 0x9b950000, 0xb0400000)
   the space 10944K,  26% used [0x9aea0000, 0x9b174f00, 0x9b175000, 0x9b950000)
 compacting perm gen  total 13056K, used 12948K [0xb0400000, 0xb10c0000, 0xb4400000)
   the space 13056K,  99% used [0xb0400000, 0xb10a5190, 0xb10a5200, 0xb10c0000)
No shared spaces configured.
Event: 13.399 GC heap after
Heap after GC invocations=4 (full 0):
 def new generation   total 4928K, used 16K [0x90400000, 0x90950000, 0x9aea0000)
  eden space 4416K,   0% used [0x90400000, 0x90400000, 0x90850000)
  from space 512K,   3% used [0x90850000, 0x90854108, 0x908d0000)
  to   space 512K,   0% used [0x908d0000, 0x908d0000, 0x90950000)
 tenured generation   total 10944K, used 4836K [0x9aea0000, 0x9b950000, 0xb0400000)
   the space 10944K,  44% used [0x9aea0000, 0x9b3591e8, 0x9b359200, 0x9b950000)
 compacting perm gen  total 13056K, used 12948K [0xb0400000, 0xb10c0000, 0xb4400000)
   the space 13056K,  99% used [0xb0400000, 0xb10a5190, 0xb10a5200, 0xb10c0000)
No shared spaces configured.
}
Event: 13.408 GC heap before
{Heap before GC invocations=4 (full 0):
 def new generation   total 4928K, used 4432K [0x90400000, 0x90950000, 0x9aea0000)
  eden space 4416K, 100% used [0x90400000, 0x90850000, 0x90850000)
  from space 512K,   3% used [0x90850000, 0x90854108, 0x908d0000)
  to   space 512K,   0% used [0x908d0000, 0x908d0000, 0x90950000)
 tenured generation   total 10944K, used 4836K [0x9aea0000, 0x9b950000, 0xb0400000)
   the space 10944K,  44% used [0x9aea0000, 0x9b3591e8, 0x9b359200, 0x9b950000)
 compacting perm gen  total 13056K, used 12948K [0xb0400000, 0xb10c0000, 0xb4400000)
   the space 13056K,  99% used [0xb0400000, 0xb10a5190, 0xb10a5200, 0xb10c0000)
No shared spaces configured.
Event: 13.410 GC heap after
Heap after GC invocations=5 (full 0):
 def new generation   total 4928K, used 16K [0x90400000, 0x90950000, 0x9aea0000)
  eden space 4416K,   0% used [0x90400000, 0x90400000, 0x90850000)
  from space 512K,   3% used [0x908d0000, 0x908d4080, 0x90950000)
  to   space 512K,   0% used [0x90850000, 0x90850000, 0x908d0000)
 tenured generation   total 10944K, used 4836K [0x9aea0000, 0x9b950000, 0xb0400000)
   the space 10944K,  44% used [0x9aea0000, 0x9b3591e8, 0x9b359200, 0x9b950000)
 compacting perm gen  total 13056K, used 12948K [0xb0400000, 0xb10c0000, 0xb4400000)
   the space 13056K,  99% used [0xb0400000, 0xb10a5190, 0xb10a5200, 0xb10c0000)
No shared spaces configured.
}
Event: 13.423 GC heap before
{Heap before GC invocations=5 (full 0):
 def new generation   total 4928K, used 4432K [0x90400000, 0x90950000, 0x9aea0000)
  eden space 4416K, 100% used [0x90400000, 0x90850000, 0x90850000)
  from space 512K,   3% used [0x908d0000, 0x908d4080, 0x90950000)
  to   space 512K,   0% used [0x90850000, 0x90850000, 0x908d0000)
 tenured generation   total 10944K, used 4836K [0x9aea0000, 0x9b950000, 0xb0400000)
   the space 10944K,  44% used [0x9aea0000, 0x9b3591e8, 0x9b359200, 0x9b950000)
 compacting perm gen  total 13056K, used 12948K [0xb0400000, 0xb10c0000, 0xb4400000)
   the space 13056K,  99% used [0xb0400000, 0xb10a5190, 0xb10a5200, 0xb10c0000)
No shared spaces configured.
Event: 13.424 GC heap after
Heap after GC invocations=6 (full 0):
 def new generation   total 4928K, used 16K [0x90400000, 0x90950000, 0x9aea0000)
  eden space 4416K,   0% used [0x90400000, 0x90400000, 0x90850000)
  from space 512K,   3% used [0x90850000, 0x908540f0, 0x908d0000)
  to   space 512K,   0% used [0x908d0000, 0x908d0000, 0x90950000)
 tenured generation   total 10944K, used 4836K [0x9aea0000, 0x9b950000, 0xb0400000)
   the space 10944K,  44% used [0x9aea0000, 0x9b3591e8, 0x9b359200, 0x9b950000)
 compacting perm gen  total 13056K, used 12948K [0xb0400000, 0xb10c0000, 0xb4400000)
   the space 13056K,  99% used [0xb0400000, 0xb10a5190, 0xb10a5200, 0xb10c0000)
No shared spaces configured.
}

